{"name": "test_select_product_1", "status": "broken", "statusDetails": {"message": "selenium.common.exceptions.TimeoutException: Message: \nStacktrace:\nBacktrace:\n\tOrdinal0 [0x002EACD3+2075859]\n\tOrdinal0 [0x0027EE61+1633889]\n\tOrdinal0 [0x0017B7BD+571325]\n\tOrdinal0 [0x001AAC2F+764975]\n\tOrdinal0 [0x001AAE1B+765467]\n\tOrdinal0 [0x001DD0F2+970994]\n\tOrdinal0 [0x001C7364+881508]\n\tOrdinal0 [0x001DB56A+963946]\n\tOrdinal0 [0x001C7136+880950]\n\tOrdinal0 [0x0019FEFD+720637]\n\tOrdinal0 [0x001A0F3F+724799]\n\tGetHandleVerifier [0x0059EED2+2769538]\n\tGetHandleVerifier [0x00590D95+2711877]\n\tGetHandleVerifier [0x0037A03A+521194]\n\tGetHandleVerifier [0x00378DA0+516432]\n\tOrdinal0 [0x0028682C+1665068]\n\tOrdinal0 [0x0028B128+1683752]\n\tOrdinal0 [0x0028B215+1683989]\n\tOrdinal0 [0x00296484+1729668]\n\tBaseThreadInitThunk [0x76DDFA29+25]\n\tRtlGetAppContainerNamedObjectPath [0x76FC7A7E+286]\n\tRtlGetAppContainerNamedObjectPath [0x76FC7A4E+238]\n\t(No symbol) [0x00000000]", "trace": "browser = <selenium.webdriver.chrome.webdriver.WebDriver (session=\"87154534bdd7e3716a6a3d0cc0815252\")>\n\n    @allure.description(\"Test select product 1\")\n    def test_select_product_1(browser):\n    \n        link = \"https://www.dns-shop.ru/\"\n        print(\"\\nStart Test 1\")\n    \n        lp = LoginPage(browser, link)\n        lp.open()\n>       lp.authorization()\n\ntests\\test_buy_product.py:19: \n_ _ _ _ _ _ _ _ _ _ _ _ _ _ _ _ _ _ _ _ _ _ _ _ _ _ _ _ _ _ _ _ _ _ _ _ _ _ _ _ _ _ _ _ _ _ _ _ _ _ _ _ _ _ _ _ _ _ _ _ _ _ _ _ _ _ _ _ _ _ _ _ _ _ _ _ _ _ _ _ \npages\\login_page.py:96: in authorization\n    assert self.is_element_present(By.XPATH, self.CHECK_AVATAR_USER), \"Avatar logo wasn't found\"\nbase\\base_class.py:32: in is_element_present\n    WebDriverWait(self.browser, 30).until(EC.element_to_be_clickable((how, what)))\n_ _ _ _ _ _ _ _ _ _ _ _ _ _ _ _ _ _ _ _ _ _ _ _ _ _ _ _ _ _ _ _ _ _ _ _ _ _ _ _ _ _ _ _ _ _ _ _ _ _ _ _ _ _ _ _ _ _ _ _ _ _ _ _ _ _ _ _ _ _ _ _ _ _ _ _ _ _ _ _ \n\nself = <selenium.webdriver.support.wait.WebDriverWait (session=\"87154534bdd7e3716a6a3d0cc0815252\")>\nmethod = <function element_to_be_clickable.<locals>._predicate at 0x00000178D7F81700>, message = ''\n\n    def until(self, method, message: str = \"\"):\n        \"\"\"Calls the method provided with the driver as an argument until the \\\n        return value does not evaluate to ``False``.\n    \n        :param method: callable(WebDriver)\n        :param message: optional message for :exc:`TimeoutException`\n        :returns: the result of the last call to `method`\n        :raises: :exc:`selenium.common.exceptions.TimeoutException` if timeout occurs\n        \"\"\"\n        screen = None\n        stacktrace = None\n    \n        end_time = time.monotonic() + self._timeout\n        while True:\n            try:\n                value = method(self._driver)\n                if value:\n                    return value\n            except self._ignored_exceptions as exc:\n                screen = getattr(exc, 'screen', None)\n                stacktrace = getattr(exc, 'stacktrace', None)\n            time.sleep(self._poll)\n            if time.monotonic() > end_time:\n                break\n>       raise TimeoutException(message, screen, stacktrace)\nE       selenium.common.exceptions.TimeoutException: Message: \nE       Stacktrace:\nE       Backtrace:\nE       \tOrdinal0 [0x002EACD3+2075859]\nE       \tOrdinal0 [0x0027EE61+1633889]\nE       \tOrdinal0 [0x0017B7BD+571325]\nE       \tOrdinal0 [0x001AAC2F+764975]\nE       \tOrdinal0 [0x001AAE1B+765467]\nE       \tOrdinal0 [0x001DD0F2+970994]\nE       \tOrdinal0 [0x001C7364+881508]\nE       \tOrdinal0 [0x001DB56A+963946]\nE       \tOrdinal0 [0x001C7136+880950]\nE       \tOrdinal0 [0x0019FEFD+720637]\nE       \tOrdinal0 [0x001A0F3F+724799]\nE       \tGetHandleVerifier [0x0059EED2+2769538]\nE       \tGetHandleVerifier [0x00590D95+2711877]\nE       \tGetHandleVerifier [0x0037A03A+521194]\nE       \tGetHandleVerifier [0x00378DA0+516432]\nE       \tOrdinal0 [0x0028682C+1665068]\nE       \tOrdinal0 [0x0028B128+1683752]\nE       \tOrdinal0 [0x0028B215+1683989]\nE       \tOrdinal0 [0x00296484+1729668]\nE       \tBaseThreadInitThunk [0x76DDFA29+25]\nE       \tRtlGetAppContainerNamedObjectPath [0x76FC7A7E+286]\nE       \tRtlGetAppContainerNamedObjectPath [0x76FC7A4E+238]\nE       \t(No symbol) [0x00000000]\n\n..\\..\\AppData\\Local\\Programs\\Python\\Python39\\lib\\site-packages\\selenium\\webdriver\\support\\wait.py:90: TimeoutException"}, "description": "Test select product 1", "steps": [{"name": "authorization", "status": "broken", "statusDetails": {"message": "selenium.common.exceptions.TimeoutException: Message: \nStacktrace:\nBacktrace:\n\tOrdinal0 [0x002EACD3+2075859]\n\tOrdinal0 [0x0027EE61+1633889]\n\tOrdinal0 [0x0017B7BD+571325]\n\tOrdinal0 [0x001AAC2F+764975]\n\tOrdinal0 [0x001AAE1B+765467]\n\tOrdinal0 [0x001DD0F2+970994]\n\tOrdinal0 [0x001C7364+881508]\n\tOrdinal0 [0x001DB56A+963946]\n\tOrdinal0 [0x001C7136+880950]\n\tOrdinal0 [0x0019FEFD+720637]\n\tOrdinal0 [0x001A0F3F+724799]\n\tGetHandleVerifier [0x0059EED2+2769538]\n\tGetHandleVerifier [0x00590D95+2711877]\n\tGetHandleVerifier [0x0037A03A+521194]\n\tGetHandleVerifier [0x00378DA0+516432]\n\tOrdinal0 [0x0028682C+1665068]\n\tOrdinal0 [0x0028B128+1683752]\n\tOrdinal0 [0x0028B215+1683989]\n\tOrdinal0 [0x00296484+1729668]\n\tBaseThreadInitThunk [0x76DDFA29+25]\n\tRtlGetAppContainerNamedObjectPath [0x76FC7A7E+286]\n\tRtlGetAppContainerNamedObjectPath [0x76FC7A4E+238]\n\t(No symbol) [0x00000000]\n\n", "trace": "  File \"C:\\Users\\ilnazhim\\environments\\StepikAlexFinishProject\\pages\\login_page.py\", line 96, in authorization\n    assert self.is_element_present(By.XPATH, self.CHECK_AVATAR_USER), \"Avatar logo wasn't found\"\n  File \"C:\\Users\\ilnazhim\\environments\\StepikAlexFinishProject\\base\\base_class.py\", line 32, in is_element_present\n    WebDriverWait(self.browser, 30).until(EC.element_to_be_clickable((how, what)))\n  File \"C:\\Users\\ilnazhim\\AppData\\Local\\Programs\\Python\\Python39\\lib\\site-packages\\selenium\\webdriver\\support\\wait.py\", line 90, in until\n    raise TimeoutException(message, screen, stacktrace)\n"}, "start": 1671012329225, "stop": 1671012363439}], "attachments": [{"name": "stdout", "source": "7bb370d9-aff3-4895-9888-9d6bd8300998-attachment.txt", "type": "text/plain"}], "start": 1671012321506, "stop": 1671012363442, "uuid": "154da4dd-da25-47dc-8673-6ef06a458849", "historyId": "f79277969f3402191aa87b9159580033", "testCaseId": "7e693a2f3127954bc04634edb5d0872b", "fullName": "tests.test_buy_product#test_select_product_1", "labels": [{"name": "parentSuite", "value": "tests"}, {"name": "suite", "value": "test_buy_product"}, {"name": "host", "value": "HOME-PC"}, {"name": "thread", "value": "1148-MainThread"}, {"name": "framework", "value": "pytest"}, {"name": "language", "value": "cpython3"}, {"name": "package", "value": "tests.test_buy_product"}]}